<?xml version="1.0" encoding="UTF-8"?>
<!-- Generated by org.testng.reporters.JUnitXMLReporter -->
<testsuite ignored="0" hostname="DESKTOP-TROT5AG" failures="0" tests="3" name="Default test" time="52.424" errors="0" timestamp="12 Dec 2021 02:30:33 GMT">
  <testcase classname="seleniumexercise.dropdownbox" name="SelectDropdownExample" time="14.465"/>
  <testcase classname="seleniumexercise.checkbox" name="SelectSpecificCheckbox" time="5.647"/>
  <testcase classname="seleniumexercise.draganddrop" name="dragdropoperation" time="6.026"/>
</testsuite> <!-- Default test -->
