<?xml version="1.0" encoding="UTF-8"?>
<testng-results ignored="0" total="6" passed="5" failed="1" skipped="0">
  <reporter-output>
    <line>
      <![CDATA[Number of Checkbox is : 3]]>
    </line>
    <line>
      <![CDATA[Page is scrolled by pixel]]>
    </line>
    <line>
      <![CDATA[Selected using VisibleText : Adobe InDesign ]]>
    </line>
    <line>
      <![CDATA[Drag and drop performed successfully]]>
    </line>
    <line>
      <![CDATA[Selected using value : Android ]]>
    </line>
    <line>
      <![CDATA[Checkbox : true]]>
    </line>
    <line>
      <![CDATA[Selected using index : 3 ]]>
    </line>
    <line>
      <![CDATA[Checkbox : true]]>
    </line>
    <line>
      <![CDATA[Before Checkbox Status : false]]>
    </line>
    <line>
      <![CDATA[After Checkbox Status : true]]>
    </line>
    <line>
      <![CDATA[Checkbox is selected successfully]]>
    </line>
    <line>
      <![CDATA[Dynamically Without Select method by using get options count : Art Design]]>
    </line>
    <line>
      <![CDATA[Dynamically Number of Checkbox is : 3]]>
    </line>
    <line>
      <![CDATA[Selected Checkbox ID : checkbox1]]>
    </line>
    <line>
      <![CDATA[Selected Checkbox Value : Cricket]]>
    </line>
    <line>
      <![CDATA[Selected Checkbox ID : checkbox2]]>
    </line>
    <line>
      <![CDATA[Selected Checkbox Value : Movies]]>
    </line>
    <line>
      <![CDATA[Selected Checkbox ID : checkbox3]]>
    </line>
    <line>
      <![CDATA[Selected Checkbox Value : Hockey]]>
    </line>
    <line>
      <![CDATA[Select drop down]]>
    </line>
  </reporter-output>
  <suite started-at="2021-12-12T02:50:21Z" name="Suite" finished-at="2021-12-12T02:51:12Z" duration-ms="51412">
    <groups>
    </groups>
    <test started-at="2021-12-12T02:50:21Z" name="Test" finished-at="2021-12-12T02:51:12Z" duration-ms="51412">
      <class name="seleniumexercise.dropdownbox">
        <test-method signature="SelectDropdownExample()[pri:0, instance:seleniumexercise.dropdownbox@5553d0f5]" started-at="2021-12-12T02:50:46Z" name="SelectDropdownExample" finished-at="2021-12-12T02:51:03Z" duration-ms="16421" status="PASS">
          <reporter-output>
            <line>
              <![CDATA[Page is scrolled by pixel]]>
            </line>
            <line>
              <![CDATA[Selected using VisibleText : Adobe InDesign ]]>
            </line>
            <line>
              <![CDATA[Selected using value : Android ]]>
            </line>
            <line>
              <![CDATA[Selected using index : 3 ]]>
            </line>
            <line>
              <![CDATA[Dynamically Without Select method by using get options count : Art Design]]>
            </line>
            <line>
              <![CDATA[Select drop down]]>
            </line>
          </reporter-output>
        </test-method> <!-- SelectDropdownExample -->
        <test-method signature="selectoption(org.openqa.selenium.WebElement, java.lang.String)[pri:0, instance:seleniumexercise.dropdownbox@5553d0f5]" started-at="2021-12-12T02:51:03Z" name="selectoption" finished-at="2021-12-12T02:51:03Z" duration-ms="0" status="FAIL">
          <exception class="org.testng.TestNGException">
            <message>
              <![CDATA[
Cannot inject @Test annotated Method [selectoption] with [interface org.openqa.selenium.WebElement, class java.lang.String].
For more information on native dependency injection please refer to http://testng.org/doc/documentation-main.html#native-dependency-injection]]>
            </message>
            <full-stacktrace>
              <![CDATA[org.testng.TestNGException: 
Cannot inject @Test annotated Method [selectoption] with [interface org.openqa.selenium.WebElement, class java.lang.String].
For more information on native dependency injection please refer to http://testng.org/doc/documentation-main.html#native-dependency-injection
at org.testng.internal.Parameters.checkParameterTypes(Parameters.java:407)
at org.testng.internal.Parameters.createParametersForMethod(Parameters.java:356)
at org.testng.internal.Parameters.createParameters(Parameters.java:635)
at org.testng.internal.Parameters.handleParameters(Parameters.java:769)
at org.testng.internal.ParameterHandler.handleParameters(ParameterHandler.java:49)
at org.testng.internal.ParameterHandler.createParameters(ParameterHandler.java:37)
at org.testng.internal.Invoker.invokeTestMethods(Invoker.java:924)
at org.testng.internal.TestMethodWorker.invokeTestMethods(TestMethodWorker.java:125)
at org.testng.internal.TestMethodWorker.run(TestMethodWorker.java:109)
at java.base/java.util.concurrent.ThreadPoolExecutor.runWorker(ThreadPoolExecutor.java:1128)
at java.base/java.util.concurrent.ThreadPoolExecutor$Worker.run(ThreadPoolExecutor.java:628)
at java.base/java.lang.Thread.run(Thread.java:834)
]]>
            </full-stacktrace>
          </exception> <!-- org.testng.TestNGException -->
          <reporter-output>
          </reporter-output>
        </test-method> <!-- selectoption -->
      </class> <!-- seleniumexercise.dropdownbox -->
      <class name="seleniumexercise.checkbox">
        <test-method is-config="true" signature="beforeTest()[pri:0, instance:seleniumexercise.checkbox@1af687fe]" started-at="2021-12-12T02:50:21Z" name="beforeTest" finished-at="2021-12-12T02:50:34Z" duration-ms="13378" status="PASS">
          <reporter-output>
          </reporter-output>
        </test-method> <!-- beforeTest -->
        <test-method is-config="true" signature="beforeTest()[pri:0, instance:seleniumexercise.draganddrop@14dda234]" started-at="2021-12-12T02:50:34Z" name="beforeTest" finished-at="2021-12-12T02:50:39Z" duration-ms="4811" status="PASS">
          <reporter-output>
          </reporter-output>
        </test-method> <!-- beforeTest -->
        <test-method is-config="true" signature="beforeTest()[pri:0, instance:seleniumexercise.dropdownbox@5553d0f5]" started-at="2021-12-12T02:50:39Z" name="beforeTest" finished-at="2021-12-12T02:50:46Z" duration-ms="7376" status="PASS">
          <reporter-output>
          </reporter-output>
        </test-method> <!-- beforeTest -->
        <test-method signature="SelectSpecificCheckbox()[pri:0, instance:seleniumexercise.checkbox@1af687fe]" started-at="2021-12-12T02:50:46Z" name="SelectSpecificCheckbox" finished-at="2021-12-12T02:50:52Z" duration-ms="6016" status="PASS">
          <reporter-output>
            <line>
              <![CDATA[Number of Checkbox is : 3]]>
            </line>
          </reporter-output>
        </test-method> <!-- SelectSpecificCheckbox -->
        <test-method signature="checkboxvalidation()[pri:0, instance:seleniumexercise.checkbox@1af687fe]" started-at="2021-12-12T02:50:53Z" name="checkboxvalidation" finished-at="2021-12-12T02:50:59Z" duration-ms="6175" status="PASS">
          <reporter-output>
            <line>
              <![CDATA[Checkbox : true]]>
            </line>
            <line>
              <![CDATA[Checkbox : true]]>
            </line>
            <line>
              <![CDATA[Before Checkbox Status : false]]>
            </line>
            <line>
              <![CDATA[After Checkbox Status : true]]>
            </line>
            <line>
              <![CDATA[Checkbox is selected successfully]]>
            </line>
          </reporter-output>
        </test-method> <!-- checkboxvalidation -->
        <test-method signature="selectallcheckbox()[pri:0, instance:seleniumexercise.checkbox@1af687fe]" started-at="2021-12-12T02:50:59Z" name="selectallcheckbox" finished-at="2021-12-12T02:51:04Z" duration-ms="5520" status="PASS">
          <reporter-output>
            <line>
              <![CDATA[Dynamically Number of Checkbox is : 3]]>
            </line>
            <line>
              <![CDATA[Selected Checkbox ID : checkbox1]]>
            </line>
            <line>
              <![CDATA[Selected Checkbox Value : Cricket]]>
            </line>
            <line>
              <![CDATA[Selected Checkbox ID : checkbox2]]>
            </line>
            <line>
              <![CDATA[Selected Checkbox Value : Movies]]>
            </line>
            <line>
              <![CDATA[Selected Checkbox ID : checkbox3]]>
            </line>
            <line>
              <![CDATA[Selected Checkbox Value : Hockey]]>
            </line>
          </reporter-output>
        </test-method> <!-- selectallcheckbox -->
        <test-method is-config="true" signature="afterTest()[pri:0, instance:seleniumexercise.checkbox@1af687fe]" started-at="2021-12-12T02:51:04Z" name="afterTest" finished-at="2021-12-12T02:51:10Z" duration-ms="5697" status="PASS">
          <reporter-output>
          </reporter-output>
        </test-method> <!-- afterTest -->
        <test-method is-config="true" signature="afterTest()[pri:0, instance:seleniumexercise.draganddrop@14dda234]" started-at="2021-12-12T02:51:10Z" name="afterTest" finished-at="2021-12-12T02:51:11Z" duration-ms="956" status="PASS">
          <reporter-output>
          </reporter-output>
        </test-method> <!-- afterTest -->
        <test-method is-config="true" signature="afterTest()[pri:0, instance:seleniumexercise.dropdownbox@5553d0f5]" started-at="2021-12-12T02:51:11Z" name="afterTest" finished-at="2021-12-12T02:51:12Z" duration-ms="1147" status="PASS">
          <reporter-output>
          </reporter-output>
        </test-method> <!-- afterTest -->
      </class> <!-- seleniumexercise.checkbox -->
      <class name="seleniumexercise.draganddrop">
        <test-method signature="dragdropoperation()[pri:0, instance:seleniumexercise.draganddrop@14dda234]" started-at="2021-12-12T02:50:46Z" name="dragdropoperation" finished-at="2021-12-12T02:50:53Z" duration-ms="7195" status="PASS">
          <reporter-output>
            <line>
              <![CDATA[Drag and drop performed successfully]]>
            </line>
          </reporter-output>
        </test-method> <!-- dragdropoperation -->
      </class> <!-- seleniumexercise.draganddrop -->
    </test> <!-- Test -->
  </suite> <!-- Suite -->
</testng-results>
